<?xml version="1.0" encoding="UTF-8"?>
<!-- Generated by org.testng.reporters.JUnitReportReporter -->
<testsuite hostname="XDA" failures="0" tests="2" name="BasicApiTest" time="6.158" errors="0" timestamp="2025-06-10T09:47:35 IST" skipped="0">
  <testcase classname="BasicApiTest" name="T02_GetAndroidModelPackageOptions" time="2.537"/>
  <system-out/>
  <testcase classname="BasicApiTest" name="T01_StatusCodeAndGetClientsTest" time="3.621"/>
  <system-out/>
</testsuite> <!-- BasicApiTest -->
