<?xml version="1.0" encoding="UTF-8"?>
<!-- Generated by org.testng.reporters.JUnitReportReporter -->
<testsuite hostname="XDA" failures="0" tests="31" name="random.LinkCheckerTest" time="6.152" errors="0" timestamp="2025-05-25T16:46:32 IST" skipped="0">
  <testcase classname="random.LinkCheckerTest" name="testLinkStatus" time="0.148"/>
  <system-out/>
  <testcase classname="random.LinkCheckerTest" name="testLinkStatus" time="0.151"/>
  <system-out/>
  <testcase classname="random.LinkCheckerTest" name="testLinkStatus" time="0.142"/>
  <system-out/>
  <testcase classname="random.LinkCheckerTest" name="testLinkStatus" time="0.178"/>
  <system-out/>
  <testcase classname="random.LinkCheckerTest" name="testLinkStatus" time="0.141"/>
  <system-out/>
  <testcase classname="random.LinkCheckerTest" name="testLinkStatus" time="0.137"/>
  <system-out/>
  <testcase classname="random.LinkCheckerTest" name="testLinkStatus" time="0.166"/>
  <system-out/>
  <testcase classname="random.LinkCheckerTest" name="testLinkStatus" time="0.143"/>
  <system-out/>
  <testcase classname="random.LinkCheckerTest" name="testLinkStatus" time="0.164"/>
  <system-out/>
  <testcase classname="random.LinkCheckerTest" name="testLinkStatus" time="0.138"/>
  <system-out/>
  <testcase classname="random.LinkCheckerTest" name="testLinkStatus" time="0.140"/>
  <system-out/>
  <testcase classname="random.LinkCheckerTest" name="testLinkStatus" time="0.177"/>
  <system-out/>
  <testcase classname="random.LinkCheckerTest" name="testLinkStatus" time="0.134"/>
  <system-out/>
  <testcase classname="random.LinkCheckerTest" name="testLinkStatus" time="0.157"/>
  <system-out/>
  <testcase classname="random.LinkCheckerTest" name="testLinkStatus" time="0.163"/>
  <system-out/>
  <testcase classname="random.LinkCheckerTest" name="testLinkStatus" time="0.867"/>
  <system-out/>
  <testcase classname="random.LinkCheckerTest" name="testLinkStatus" time="0.166"/>
  <system-out/>
  <testcase classname="random.LinkCheckerTest" name="testLinkStatus" time="0.134"/>
  <system-out/>
  <testcase classname="random.LinkCheckerTest" name="testLinkStatus" time="0.142"/>
  <system-out/>
  <testcase classname="random.LinkCheckerTest" name="testLinkStatus" time="0.151"/>
  <system-out/>
  <testcase classname="random.LinkCheckerTest" name="testLinkStatus" time="0.156"/>
  <system-out/>
  <testcase classname="random.LinkCheckerTest" name="testLinkStatus" time="0.148"/>
  <system-out/>
  <testcase classname="random.LinkCheckerTest" name="testLinkStatus" time="0.154"/>
  <system-out/>
  <testcase classname="random.LinkCheckerTest" name="testLinkStatus" time="0.140"/>
  <system-out/>
  <testcase classname="random.LinkCheckerTest" name="testLinkStatus" time="0.147"/>
  <system-out/>
  <testcase classname="random.LinkCheckerTest" name="testLinkStatus" time="0.130"/>
  <system-out/>
  <testcase classname="random.LinkCheckerTest" name="testLinkStatus" time="0.145"/>
  <system-out/>
  <testcase classname="random.LinkCheckerTest" name="testLinkStatus" time="0.916"/>
  <system-out/>
  <testcase classname="random.LinkCheckerTest" name="testLinkStatus" time="0.180"/>
  <system-out/>
  <testcase classname="random.LinkCheckerTest" name="testLinkStatus" time="0.156"/>
  <system-out/>
  <testcase classname="random.LinkCheckerTest" name="testLinkStatus" time="0.141"/>
  <system-out/>
</testsuite> <!-- random.LinkCheckerTest -->
