<?xml version="1.0" encoding="UTF-8"?>
<!-- Generated by org.testng.reporters.JUnitReportReporter -->
<testsuite hostname="XDA" failures="0" tests="1" name="playwrightTests.YourTest" time="20.174" errors="0" timestamp="2024-11-05T18:11:13 IST" skipped="0">
  <testcase classname="playwrightTests.YourTest" name="testLogin" time="20.174"/>
  <system-out/>
</testsuite> <!-- playwrightTests.YourTest -->
