<?xml version="1.0" encoding="UTF-8"?>
<!-- Generated by org.testng.reporters.JUnitReportReporter -->
<testsuite hostname="XDA" failures="0" tests="2" name="iplan_Performance.FetchMajor" time="4.848" errors="0" timestamp="2025-06-12T11:22:55 IST" skipped="1">
  <testcase classname="iplan_Performance.FetchMajor" name="FetchMajorTest" time="4.848"/>
  <system-out/>
  <testcase classname="iplan_Performance.FetchMajor" name="GetPersonByINumber">
    <skipped/>
  </testcase> <!-- GetPersonByINumber -->
  <system-out/>
</testsuite> <!-- iplan_Performance.FetchMajor -->
