<?xml version="1.0" encoding="UTF-8"?>
<!-- Generated by org.testng.reporters.JUnitReportReporter -->
<testsuite hostname="XDA" failures="0" tests="1" name="restassuredTest.Resreq" time="2.223" errors="0" timestamp="2025-05-24T11:59:03 IST" skipped="0">
  <testcase classname="restassuredTest.Resreq" name="first" time="2.223"/>
  <system-out/>
</testsuite> <!-- restassuredTest.Resreq -->
