<?xml version="1.0" encoding="UTF-8"?>
<!-- Generated by org.testng.reporters.JUnitReportReporter -->
<testsuite hostname="XDA" failures="0" tests="2" name="gradPlanner.SubAuditPerformance" time="4.950" errors="0" timestamp="2025-06-09T20:14:35 IST" skipped="1">
  <testcase classname="gradPlanner.SubAuditPerformance" name="GetPersonByINumber" time="4.950"/>
  <system-out/>
  <testcase classname="gradPlanner.SubAuditPerformance" name="Subaudit">
    <skipped/>
  </testcase> <!-- Subaudit -->
  <system-out/>
</testsuite> <!-- gradPlanner.SubAuditPerformance -->
