<?xml version="1.0" encoding="UTF-8"?>
<!-- Generated by org.testng.reporters.JUnitReportReporter -->
<testsuite hostname="XDA" failures="0" tests="1" name="restassuredTest.Getrequest" time="7.514" errors="0" timestamp="2025-06-03T18:41:42 IST" skipped="0">
  <testcase classname="restassuredTest.Getrequest" name="first" time="7.514"/>
  <system-out/>
</testsuite> <!-- restassuredTest.Getrequest -->
