<?xml version="1.0" encoding="UTF-8"?>
<!-- Generated by org.testng.reporters.JUnitReportReporter -->
<testsuite hostname="XDA" failures="0" tests="2" name="restassured.CheckAPIStatus2" time="2.642" errors="0" timestamp="2025-04-21T10:22:09 IST" skipped="0">
  <testcase classname="restassured.CheckAPIStatus2" name="EntireResponse" time="0.012"/>
  <system-out/>
  <testcase classname="restassured.CheckAPIStatus2" name="testAPIStatusCode" time="2.630"/>
  <system-out/>
</testsuite> <!-- restassured.CheckAPIStatus2 -->
