<?xml version="1.0" encoding="UTF-8"?>
<!-- Generated by org.testng.reporters.JUnitReportReporter -->
<testsuite hostname="XDA" failures="0" tests="2" name="iplan_Performance.SubAuditPerformance" time="7.832" errors="0" timestamp="2025-06-12T10:21:54 IST" skipped="1">
  <testcase classname="iplan_Performance.SubAuditPerformance" name="GetPersonByINumber" time="7.832"/>
  <system-out/>
  <testcase classname="iplan_Performance.SubAuditPerformance" name="Subaudit">
    <skipped/>
  </testcase> <!-- Subaudit -->
  <system-out/>
</testsuite> <!-- iplan_Performance.SubAuditPerformance -->
