<?xml version="1.0" encoding="UTF-8"?>
<!-- Generated by org.testng.reporters.JUnitReportReporter -->
<testsuite hostname="XDA" failures="0" tests="4" name="seleniumTest.SimpleDropDown" time="5.278" errors="0" timestamp="2025-05-25T16:13:55 IST" skipped="3">
  <testcase classname="seleniumTest.SimpleDropDown" name="alert" time="5.278"/>
  <system-out/>
  <testcase classname="seleniumTest.SimpleDropDown" name="newFrame">
    <skipped/>
  </testcase> <!-- newFrame -->
  <system-out/>
  <testcase classname="seleniumTest.SimpleDropDown" name="selectFromDropdown">
    <skipped/>
  </testcase> <!-- selectFromDropdown -->
  <system-out/>
  <testcase classname="seleniumTest.SimpleDropDown" name="newWindow">
    <skipped/>
  </testcase> <!-- newWindow -->
  <system-out/>
</testsuite> <!-- seleniumTest.SimpleDropDown -->
