<?xml version="1.0" encoding="UTF-8"?>
<!-- Generated by org.testng.reporters.JUnitReportReporter -->
<testsuite hostname="XDA" failures="0" tests="1" name="seleniumTest.Action_2" time="9.534" errors="0" timestamp="2025-06-18T11:14:17 IST" skipped="0">
  <testcase classname="seleniumTest.Action_2" name="actionsClass" time="9.534"/>
  <system-out/>
</testsuite> <!-- seleniumTest.Action_2 -->
